__main__ - optimizer_entrypoint(line:937) - !!! Skip optimizer !!! all root_node_rps all regions are 0
__main__ - optimizer_entrypoint(line:937) - !!! Skip optimizer !!! all root_node_rps all regions are 0
__main__ - optimizer_entrypoint(line:937) - !!! Skip optimizer !!! all root_node_rps all regions are 0
__main__ - optimizer_entrypoint(line:937) - !!! Skip optimizer !!! all root_node_rps all regions are 0
apscheduler.executors.default - run_job(line:131) - Job "optimizer_entrypoint (trigger: interval[0:00:01], next run at: 2024-04-30 05:11:51 UTC)" raised an exception
Traceback (most recent call last):
  File "/app/optimizer_test.py", line 566, in run_optimizer
    incoming = endpoint_level_rps[cid][root_ep_svc_name][root_ep]
KeyError: 'sslateingress@POST@/cart/checkout'

During handling of the above exception, another exception occurred:

Traceback (most recent call last):
  File "/usr/local/lib/python3.10/site-packages/apscheduler/executors/base.py", line 125, in run_job
    retval = job.func(*job.args, **job.kwargs)
  File "/app/global_controller.py", line 983, in optimizer_entrypoint
    cur_percentage_df, desc = opt.run_optimizer(\
  File "/app/optimizer_test.py", line 568, in run_optimizer
    logger.error(f'endpoint_level_rps[{cid}][{root_ep_svc_name}][{root_ep}]: {endpoint_level_rps[cid][root_ep_svc_name][root_ep]}')
KeyError: 'sslateingress@POST@/cart/checkout'
__main__ - optimizer_entrypoint(line:948) - !!! ERROR !!! Total demand(4045) at sslateingress > total capcity(4000) at frontend
__main__ - optimizer_entrypoint(line:952) - recalc capacity: frontend, old_capacity,1012 -> new_capacity, 1012
__main__ - optimizer_entrypoint(line:952) - recalc capacity: frontend, old_capacity,1012 -> new_capacity, 1012
__main__ - optimizer_entrypoint(line:952) - recalc capacity: frontend, old_capacity,1012 -> new_capacity, 1012
__main__ - optimizer_entrypoint(line:952) - recalc capacity: frontend, old_capacity,1012 -> new_capacity, 1012
__main__ - optimizer_entrypoint(line:948) - !!! ERROR !!! Total demand(4456) at sslateingress > total capcity(4000) at frontend
__main__ - optimizer_entrypoint(line:952) - recalc capacity: frontend, old_capacity,1115 -> new_capacity, 1115
__main__ - optimizer_entrypoint(line:952) - recalc capacity: frontend, old_capacity,1115 -> new_capacity, 1115
__main__ - optimizer_entrypoint(line:952) - recalc capacity: frontend, old_capacity,1115 -> new_capacity, 1115
__main__ - optimizer_entrypoint(line:952) - recalc capacity: frontend, old_capacity,1115 -> new_capacity, 1115
__main__ - optimizer_entrypoint(line:948) - !!! ERROR !!! Total demand(5005) at sslateingress > total capcity(4000) at frontend
__main__ - optimizer_entrypoint(line:952) - recalc capacity: frontend, old_capacity,1252 -> new_capacity, 1252
__main__ - optimizer_entrypoint(line:952) - recalc capacity: frontend, old_capacity,1252 -> new_capacity, 1252
__main__ - optimizer_entrypoint(line:952) - recalc capacity: frontend, old_capacity,1252 -> new_capacity, 1252
__main__ - optimizer_entrypoint(line:952) - recalc capacity: frontend, old_capacity,1252 -> new_capacity, 1252
__main__ - optimizer_entrypoint(line:948) - !!! ERROR !!! Total demand(5196) at sslateingress > total capcity(4000) at frontend
__main__ - optimizer_entrypoint(line:952) - recalc capacity: frontend, old_capacity,1300 -> new_capacity, 1300
__main__ - optimizer_entrypoint(line:952) - recalc capacity: frontend, old_capacity,1300 -> new_capacity, 1300
__main__ - optimizer_entrypoint(line:952) - recalc capacity: frontend, old_capacity,1300 -> new_capacity, 1300
__main__ - optimizer_entrypoint(line:952) - recalc capacity: frontend, old_capacity,1300 -> new_capacity, 1300
__main__ - optimizer_entrypoint(line:948) - !!! ERROR !!! Total demand(5327) at sslateingress > total capcity(4000) at frontend
__main__ - optimizer_entrypoint(line:952) - recalc capacity: frontend, old_capacity,1332 -> new_capacity, 1332
__main__ - optimizer_entrypoint(line:952) - recalc capacity: frontend, old_capacity,1332 -> new_capacity, 1332
__main__ - optimizer_entrypoint(line:952) - recalc capacity: frontend, old_capacity,1332 -> new_capacity, 1332
__main__ - optimizer_entrypoint(line:952) - recalc capacity: frontend, old_capacity,1332 -> new_capacity, 1332
__main__ - optimizer_entrypoint(line:948) - !!! ERROR !!! Total demand(5455) at sslateingress > total capcity(4000) at frontend
__main__ - optimizer_entrypoint(line:952) - recalc capacity: frontend, old_capacity,1364 -> new_capacity, 1364
__main__ - optimizer_entrypoint(line:952) - recalc capacity: frontend, old_capacity,1364 -> new_capacity, 1364
__main__ - optimizer_entrypoint(line:952) - recalc capacity: frontend, old_capacity,1364 -> new_capacity, 1364
__main__ - optimizer_entrypoint(line:952) - recalc capacity: frontend, old_capacity,1364 -> new_capacity, 1364
__main__ - optimizer_entrypoint(line:948) - !!! ERROR !!! Total demand(5378) at sslateingress > total capcity(4000) at frontend
__main__ - optimizer_entrypoint(line:952) - recalc capacity: frontend, old_capacity,1345 -> new_capacity, 1345
__main__ - optimizer_entrypoint(line:952) - recalc capacity: frontend, old_capacity,1345 -> new_capacity, 1345
__main__ - optimizer_entrypoint(line:952) - recalc capacity: frontend, old_capacity,1345 -> new_capacity, 1345
__main__ - optimizer_entrypoint(line:952) - recalc capacity: frontend, old_capacity,1345 -> new_capacity, 1345
__main__ - optimizer_entrypoint(line:948) - !!! ERROR !!! Total demand(5707) at sslateingress > total capcity(4000) at frontend
__main__ - optimizer_entrypoint(line:952) - recalc capacity: frontend, old_capacity,1427 -> new_capacity, 1427
__main__ - optimizer_entrypoint(line:952) - recalc capacity: frontend, old_capacity,1427 -> new_capacity, 1427
__main__ - optimizer_entrypoint(line:952) - recalc capacity: frontend, old_capacity,1427 -> new_capacity, 1427
__main__ - optimizer_entrypoint(line:952) - recalc capacity: frontend, old_capacity,1427 -> new_capacity, 1427
__main__ - optimizer_entrypoint(line:948) - !!! ERROR !!! Total demand(5200) at sslateingress > total capcity(4000) at frontend
__main__ - optimizer_entrypoint(line:952) - recalc capacity: frontend, old_capacity,1301 -> new_capacity, 1301
__main__ - optimizer_entrypoint(line:952) - recalc capacity: frontend, old_capacity,1301 -> new_capacity, 1301
__main__ - optimizer_entrypoint(line:952) - recalc capacity: frontend, old_capacity,1301 -> new_capacity, 1301
__main__ - optimizer_entrypoint(line:952) - recalc capacity: frontend, old_capacity,1301 -> new_capacity, 1301
__main__ - optimizer_entrypoint(line:948) - !!! ERROR !!! Total demand(5051) at sslateingress > total capcity(4000) at frontend
__main__ - optimizer_entrypoint(line:952) - recalc capacity: frontend, old_capacity,1263 -> new_capacity, 1263
__main__ - optimizer_entrypoint(line:952) - recalc capacity: frontend, old_capacity,1263 -> new_capacity, 1263
__main__ - optimizer_entrypoint(line:952) - recalc capacity: frontend, old_capacity,1263 -> new_capacity, 1263
__main__ - optimizer_entrypoint(line:952) - recalc capacity: frontend, old_capacity,1263 -> new_capacity, 1263
__main__ - optimizer_entrypoint(line:948) - !!! ERROR !!! Total demand(4950) at sslateingress > total capcity(4000) at frontend
__main__ - optimizer_entrypoint(line:952) - recalc capacity: frontend, old_capacity,1238 -> new_capacity, 1238
__main__ - optimizer_entrypoint(line:952) - recalc capacity: frontend, old_capacity,1238 -> new_capacity, 1238
__main__ - optimizer_entrypoint(line:952) - recalc capacity: frontend, old_capacity,1238 -> new_capacity, 1238
__main__ - optimizer_entrypoint(line:952) - recalc capacity: frontend, old_capacity,1238 -> new_capacity, 1238
__main__ - optimizer_entrypoint(line:948) - !!! ERROR !!! Total demand(5291) at sslateingress > total capcity(4000) at frontend
__main__ - optimizer_entrypoint(line:952) - recalc capacity: frontend, old_capacity,1323 -> new_capacity, 1323
__main__ - optimizer_entrypoint(line:952) - recalc capacity: frontend, old_capacity,1323 -> new_capacity, 1323
__main__ - optimizer_entrypoint(line:952) - recalc capacity: frontend, old_capacity,1323 -> new_capacity, 1323
__main__ - optimizer_entrypoint(line:952) - recalc capacity: frontend, old_capacity,1323 -> new_capacity, 1323
__main__ - optimizer_entrypoint(line:948) - !!! ERROR !!! Total demand(5185) at sslateingress > total capcity(4000) at frontend
__main__ - optimizer_entrypoint(line:952) - recalc capacity: frontend, old_capacity,1297 -> new_capacity, 1297
__main__ - optimizer_entrypoint(line:952) - recalc capacity: frontend, old_capacity,1297 -> new_capacity, 1297
__main__ - optimizer_entrypoint(line:952) - recalc capacity: frontend, old_capacity,1297 -> new_capacity, 1297
__main__ - optimizer_entrypoint(line:952) - recalc capacity: frontend, old_capacity,1297 -> new_capacity, 1297
__main__ - optimizer_entrypoint(line:948) - !!! ERROR !!! Total demand(5153) at sslateingress > total capcity(4000) at frontend
__main__ - optimizer_entrypoint(line:952) - recalc capacity: frontend, old_capacity,1289 -> new_capacity, 1289
__main__ - optimizer_entrypoint(line:952) - recalc capacity: frontend, old_capacity,1289 -> new_capacity, 1289
__main__ - optimizer_entrypoint(line:952) - recalc capacity: frontend, old_capacity,1289 -> new_capacity, 1289
__main__ - optimizer_entrypoint(line:952) - recalc capacity: frontend, old_capacity,1289 -> new_capacity, 1289
__main__ - optimizer_entrypoint(line:948) - !!! ERROR !!! Total demand(5128) at sslateingress > total capcity(4000) at frontend
__main__ - optimizer_entrypoint(line:952) - recalc capacity: frontend, old_capacity,1283 -> new_capacity, 1283
__main__ - optimizer_entrypoint(line:952) - recalc capacity: frontend, old_capacity,1283 -> new_capacity, 1283
__main__ - optimizer_entrypoint(line:952) - recalc capacity: frontend, old_capacity,1283 -> new_capacity, 1283
__main__ - optimizer_entrypoint(line:952) - recalc capacity: frontend, old_capacity,1283 -> new_capacity, 1283
__main__ - optimizer_entrypoint(line:937) - !!! Skip optimizer !!! all root_node_rps all regions are 0
__main__ - optimizer_entrypoint(line:937) - !!! Skip optimizer !!! all root_node_rps all regions are 0
__main__ - optimizer_entrypoint(line:937) - !!! Skip optimizer !!! all root_node_rps all regions are 0
__main__ - optimizer_entrypoint(line:937) - !!! Skip optimizer !!! all root_node_rps all regions are 0
__main__ - optimizer_entrypoint(line:937) - !!! Skip optimizer !!! all root_node_rps all regions are 0
__main__ - optimizer_entrypoint(line:937) - !!! Skip optimizer !!! all root_node_rps all regions are 0
__main__ - optimizer_entrypoint(line:937) - !!! Skip optimizer !!! all root_node_rps all regions are 0
__main__ - optimizer_entrypoint(line:937) - !!! Skip optimizer !!! all root_node_rps all regions are 0
__main__ - optimizer_entrypoint(line:937) - !!! Skip optimizer !!! all root_node_rps all regions are 0
__main__ - optimizer_entrypoint(line:937) - !!! Skip optimizer !!! all root_node_rps all regions are 0
__main__ - optimizer_entrypoint(line:937) - !!! Skip optimizer !!! all root_node_rps all regions are 0
__main__ - optimizer_entrypoint(line:937) - !!! Skip optimizer !!! all root_node_rps all regions are 0
__main__ - optimizer_entrypoint(line:937) - !!! Skip optimizer !!! all root_node_rps all regions are 0
__main__ - optimizer_entrypoint(line:937) - !!! Skip optimizer !!! all root_node_rps all regions are 0
__main__ - optimizer_entrypoint(line:937) - !!! Skip optimizer !!! all root_node_rps all regions are 0
__main__ - optimizer_entrypoint(line:937) - !!! Skip optimizer !!! all root_node_rps all regions are 0
__main__ - optimizer_entrypoint(line:937) - !!! Skip optimizer !!! all root_node_rps all regions are 0
__main__ - optimizer_entrypoint(line:937) - !!! Skip optimizer !!! all root_node_rps all regions are 0
__main__ - optimizer_entrypoint(line:937) - !!! Skip optimizer !!! all root_node_rps all regions are 0
__main__ - optimizer_entrypoint(line:937) - !!! Skip optimizer !!! all root_node_rps all regions are 0
__main__ - optimizer_entrypoint(line:937) - !!! Skip optimizer !!! all root_node_rps all regions are 0
__main__ - optimizer_entrypoint(line:937) - !!! Skip optimizer !!! all root_node_rps all regions are 0
__main__ - optimizer_entrypoint(line:937) - !!! Skip optimizer !!! all root_node_rps all regions are 0
__main__ - optimizer_entrypoint(line:937) - !!! Skip optimizer !!! all root_node_rps all regions are 0
__main__ - optimizer_entrypoint(line:937) - !!! Skip optimizer !!! all root_node_rps all regions are 0
__main__ - optimizer_entrypoint(line:937) - !!! Skip optimizer !!! all root_node_rps all regions are 0
__main__ - optimizer_entrypoint(line:937) - !!! Skip optimizer !!! all root_node_rps all regions are 0
__main__ - optimizer_entrypoint(line:937) - !!! Skip optimizer !!! all root_node_rps all regions are 0
__main__ - optimizer_entrypoint(line:937) - !!! Skip optimizer !!! all root_node_rps all regions are 0
__main__ - optimizer_entrypoint(line:937) - !!! Skip optimizer !!! all root_node_rps all regions are 0
__main__ - optimizer_entrypoint(line:937) - !!! Skip optimizer !!! all root_node_rps all regions are 0
__main__ - optimizer_entrypoint(line:937) - !!! Skip optimizer !!! all root_node_rps all regions are 0
__main__ - optimizer_entrypoint(line:937) - !!! Skip optimizer !!! all root_node_rps all regions are 0
__main__ - optimizer_entrypoint(line:937) - !!! Skip optimizer !!! all root_node_rps all regions are 0
__main__ - optimizer_entrypoint(line:937) - !!! Skip optimizer !!! all root_node_rps all regions are 0
__main__ - optimizer_entrypoint(line:937) - !!! Skip optimizer !!! all root_node_rps all regions are 0
__main__ - optimizer_entrypoint(line:937) - !!! Skip optimizer !!! all root_node_rps all regions are 0
__main__ - optimizer_entrypoint(line:937) - !!! Skip optimizer !!! all root_node_rps all regions are 0
__main__ - optimizer_entrypoint(line:937) - !!! Skip optimizer !!! all root_node_rps all regions are 0
__main__ - optimizer_entrypoint(line:937) - !!! Skip optimizer !!! all root_node_rps all regions are 0
__main__ - optimizer_entrypoint(line:937) - !!! Skip optimizer !!! all root_node_rps all regions are 0
__main__ - optimizer_entrypoint(line:937) - !!! Skip optimizer !!! all root_node_rps all regions are 0
__main__ - optimizer_entrypoint(line:937) - !!! Skip optimizer !!! all root_node_rps all regions are 0
__main__ - optimizer_entrypoint(line:937) - !!! Skip optimizer !!! all root_node_rps all regions are 0
