__main__ - optimizer_entrypoint(line:959) - !!! Skip optimizer !!! all root_node_rps all regions are 0
__main__ - optimizer_entrypoint(line:959) - !!! Skip optimizer !!! all root_node_rps all regions are 0
__main__ - optimizer_entrypoint(line:959) - !!! Skip optimizer !!! all root_node_rps all regions are 0
__main__ - optimizer_entrypoint(line:959) - !!! Skip optimizer !!! all root_node_rps all regions are 0
apscheduler.executors.default - run_job(line:131) - Job "optimizer_entrypoint (trigger: interval[0:00:01], next run at: 2024-05-06 09:05:27 UTC)" raised an exception
Traceback (most recent call last):
  File "/app/optimizer_test.py", line 573, in run_optimizer
    incoming = endpoint_level_rps[cid][root_ep_svc_name][root_ep]
KeyError: 'sslateingress@POST@/cart/checkout'

During handling of the above exception, another exception occurred:

Traceback (most recent call last):
  File "/usr/local/lib/python3.10/site-packages/apscheduler/executors/base.py", line 125, in run_job
    retval = job.func(*job.args, **job.kwargs)
  File "/app/global_controller.py", line 996, in optimizer_entrypoint
    cur_percentage_df, desc = opt.run_optimizer(\
  File "/app/optimizer_test.py", line 575, in run_optimizer
    logger.error(f'endpoint_level_rps[{cid}][{root_ep_svc_name}][{root_ep}]: {endpoint_level_rps[cid][root_ep_svc_name][root_ep]}')
KeyError: 'sslateingress@POST@/cart/checkout'
apscheduler.executors.default - run_job(line:131) - Job "optimizer_entrypoint (trigger: interval[0:00:01], next run at: 2024-05-06 09:05:28 UTC)" raised an exception
Traceback (most recent call last):
  File "/app/optimizer_test.py", line 573, in run_optimizer
    incoming = endpoint_level_rps[cid][root_ep_svc_name][root_ep]
KeyError: 'sslateingress@POST@/cart/empty'

During handling of the above exception, another exception occurred:

Traceback (most recent call last):
  File "/usr/local/lib/python3.10/site-packages/apscheduler/executors/base.py", line 125, in run_job
    retval = job.func(*job.args, **job.kwargs)
  File "/app/global_controller.py", line 996, in optimizer_entrypoint
    cur_percentage_df, desc = opt.run_optimizer(\
  File "/app/optimizer_test.py", line 575, in run_optimizer
    logger.error(f'endpoint_level_rps[{cid}][{root_ep_svc_name}][{root_ep}]: {endpoint_level_rps[cid][root_ep_svc_name][root_ep]}')
KeyError: 'sslateingress@POST@/cart/empty'
__main__ - optimizer_entrypoint(line:970) - !!! ERROR !!! Total demand(3144) at sslateingress > total capcity(2800) at frontend
__main__ - optimizer_entrypoint(line:974) - recalc capacity: frontend, old_capacity,787 -> new_capacity, 787
__main__ - optimizer_entrypoint(line:974) - recalc capacity: frontend, old_capacity,787 -> new_capacity, 787
__main__ - optimizer_entrypoint(line:974) - recalc capacity: frontend, old_capacity,787 -> new_capacity, 787
__main__ - optimizer_entrypoint(line:974) - recalc capacity: frontend, old_capacity,787 -> new_capacity, 787
__main__ - optimizer_entrypoint(line:970) - !!! ERROR !!! Total demand(2832) at sslateingress > total capcity(2800) at frontend
__main__ - optimizer_entrypoint(line:974) - recalc capacity: frontend, old_capacity,709 -> new_capacity, 709
__main__ - optimizer_entrypoint(line:974) - recalc capacity: frontend, old_capacity,709 -> new_capacity, 709
__main__ - optimizer_entrypoint(line:974) - recalc capacity: frontend, old_capacity,709 -> new_capacity, 709
__main__ - optimizer_entrypoint(line:974) - recalc capacity: frontend, old_capacity,709 -> new_capacity, 709
__main__ - optimizer_entrypoint(line:970) - !!! ERROR !!! Total demand(2972) at sslateingress > total capcity(2800) at frontend
__main__ - optimizer_entrypoint(line:974) - recalc capacity: frontend, old_capacity,744 -> new_capacity, 744
__main__ - optimizer_entrypoint(line:974) - recalc capacity: frontend, old_capacity,744 -> new_capacity, 744
__main__ - optimizer_entrypoint(line:974) - recalc capacity: frontend, old_capacity,744 -> new_capacity, 744
__main__ - optimizer_entrypoint(line:974) - recalc capacity: frontend, old_capacity,744 -> new_capacity, 744
__main__ - optimizer_entrypoint(line:970) - !!! ERROR !!! Total demand(2974) at sslateingress > total capcity(2800) at frontend
__main__ - optimizer_entrypoint(line:974) - recalc capacity: frontend, old_capacity,744 -> new_capacity, 744
__main__ - optimizer_entrypoint(line:974) - recalc capacity: frontend, old_capacity,744 -> new_capacity, 744
__main__ - optimizer_entrypoint(line:974) - recalc capacity: frontend, old_capacity,744 -> new_capacity, 744
__main__ - optimizer_entrypoint(line:974) - recalc capacity: frontend, old_capacity,744 -> new_capacity, 744
__main__ - optimizer_entrypoint(line:959) - !!! Skip optimizer !!! all root_node_rps all regions are 0
__main__ - optimizer_entrypoint(line:959) - !!! Skip optimizer !!! all root_node_rps all regions are 0
__main__ - optimizer_entrypoint(line:959) - !!! Skip optimizer !!! all root_node_rps all regions are 0
__main__ - optimizer_entrypoint(line:959) - !!! Skip optimizer !!! all root_node_rps all regions are 0
__main__ - optimizer_entrypoint(line:959) - !!! Skip optimizer !!! all root_node_rps all regions are 0
__main__ - optimizer_entrypoint(line:959) - !!! Skip optimizer !!! all root_node_rps all regions are 0
__main__ - optimizer_entrypoint(line:959) - !!! Skip optimizer !!! all root_node_rps all regions are 0
__main__ - optimizer_entrypoint(line:959) - !!! Skip optimizer !!! all root_node_rps all regions are 0
